<?xml version="1.0" encoding="UTF-8"?>
<!-- Generated by org.testng.reporters.JUnitReportReporter -->
<testsuite hostname="DESKTOP-G4RQ9IE" failures="0" tests="1" name="JenkinsLayer.LaunchTestSalesForce" time="17.779" errors="0" timestamp="2023-04-15T16:13:22 IST" skipped="0">
  <testcase classname="JenkinsLayer.LaunchTestSalesForce" name="LaunchSF" time="17.779"/>
  <system-out/>
</testsuite> <!-- JenkinsLayer.LaunchTestSalesForce -->
