<?xml version="1.0" encoding="UTF-8"?>
<!-- Generated by org.testng.reporters.JUnitReportReporter -->
<testsuite hostname="DESKTOP-G4RQ9IE" failures="0" tests="1" name="JenkinsLayer.NewTest" time="1.574" errors="0" timestamp="2023-04-11T19:39:01 IST" skipped="0">
  <testcase classname="JenkinsLayer.NewTest" name="f" time="1.574"/>
  <system-out/>
</testsuite> <!-- JenkinsLayer.NewTest -->
